19:37:10 INFO  : Launching XSCT server: xsct.bat -n  -interactive E:\Vivado\TTCS\temp_xsdb_launch_script.tcl
19:37:12 INFO  : XSCT server has started successfully.
19:37:12 INFO  : plnx-install-location is set to ''
19:37:12 INFO  : Successfully done setting XSCT server connection channel  
19:37:12 INFO  : Successfully done query RDI_DATADIR 
19:37:12 INFO  : Successfully done setting workspace for the tool. 
19:37:13 INFO  : Registering command handlers for Vitis TCF services
20:22:45 INFO  : Checking for BSP changes to sync application flags for project 'TestSPI'...
20:22:55 INFO  : Checking for BSP changes to sync application flags for project 'TestSPI'...
20:23:46 INFO  : Connected to target on host '127.0.0.1' and port '3121'.
20:23:47 INFO  : Jtag cable 'Digilent Arty 210319A2789EA' is selected.
20:23:47 INFO  : 'jtag frequency' command is executed.
20:23:47 INFO  : 'targets -set -filter {jtag_cable_name =~ "Digilent Arty 210319A2789EA" && level==0} -index 0' command is executed.
20:23:48 INFO  : FPGA configured successfully with bitstream "E:/Vivado/TTCS/TestSPI/_ide/bitstream/Test_wrapper.bit"
20:23:48 INFO  : 'configparams mdm-detect-bscan-mask 2' command is executed.
20:23:48 INFO  : Context for processor 'microblaze_0' is selected.
20:23:48 INFO  : System reset is completed.
20:23:51 INFO  : 'after 3000' command is executed.
20:23:51 INFO  : Context for processor 'microblaze_0' is selected.
20:23:52 INFO  : The application 'E:/Vivado/TTCS/TestSPI/Debug/TestSPI.elf' is downloaded to processor 'microblaze_0'.
20:23:52 INFO  : ----------------XSDB Script----------------
connect -url tcp:127.0.0.1:3121
targets -set -filter {jtag_cable_name =~ "Digilent Arty 210319A2789EA" && level==0} -index 0
fpga -file E:/Vivado/TTCS/TestSPI/_ide/bitstream/Test_wrapper.bit
configparams mdm-detect-bscan-mask 2
targets -set -nocase -filter {name =~ "*microblaze*#0" && bscan=="USER2" }
rst -system
after 3000
targets -set -nocase -filter {name =~ "*microblaze*#0" && bscan=="USER2" }
dow E:/Vivado/TTCS/TestSPI/Debug/TestSPI.elf
----------------End of Script----------------

20:23:52 INFO  : Memory regions updated for context MicroBlaze #0
20:23:52 INFO  : Memory regions updated for context MicroBlaze #0
20:23:52 INFO  : Context for processor 'microblaze_0' is selected.
20:23:52 INFO  : 'con' command is executed.
20:23:52 INFO  : ----------------XSDB Script (After Launch)----------------
targets -set -nocase -filter {name =~ "*microblaze*#0" && bscan=="USER2" }
con
----------------End of Script----------------

20:23:52 INFO  : Launch script is exported to file 'E:\Vivado\TTCS\.sdk\launch_scripts\single_application_debug\systemdebugger_testspi_system_standalone.tcl'
20:31:33 INFO  : Checking for BSP changes to sync application flags for project 'TestSPI'...
20:31:49 INFO  : Checking for BSP changes to sync application flags for project 'TestSPI'...
20:57:14 INFO  : Disconnected from the channel tcfchan#2.
20:57:14 INFO  : Connected to target on host '127.0.0.1' and port '3121'.
20:57:15 INFO  : Jtag cable 'Digilent Arty 210319A2789EA' is selected.
20:57:15 INFO  : 'jtag frequency' command is executed.
20:57:15 INFO  : 'targets -set -filter {jtag_cable_name =~ "Digilent Arty 210319A2789EA" && level==0} -index 0' command is executed.
20:57:16 INFO  : FPGA configured successfully with bitstream "E:/Vivado/TTCS/TestSPI/_ide/bitstream/Test_wrapper.bit"
20:57:16 INFO  : 'configparams mdm-detect-bscan-mask 2' command is executed.
20:57:16 INFO  : Context for processor 'microblaze_0' is selected.
20:57:16 INFO  : System reset is completed.
20:57:19 INFO  : 'after 3000' command is executed.
20:57:19 INFO  : Context for processor 'microblaze_0' is selected.
20:57:19 INFO  : The application 'E:/Vivado/TTCS/TestSPI/Debug/TestSPI.elf' is downloaded to processor 'microblaze_0'.
20:57:19 INFO  : ----------------XSDB Script----------------
connect -url tcp:127.0.0.1:3121
targets -set -filter {jtag_cable_name =~ "Digilent Arty 210319A2789EA" && level==0} -index 0
fpga -file E:/Vivado/TTCS/TestSPI/_ide/bitstream/Test_wrapper.bit
configparams mdm-detect-bscan-mask 2
targets -set -nocase -filter {name =~ "*microblaze*#0" && bscan=="USER2" }
rst -system
after 3000
targets -set -nocase -filter {name =~ "*microblaze*#0" && bscan=="USER2" }
dow E:/Vivado/TTCS/TestSPI/Debug/TestSPI.elf
----------------End of Script----------------

20:57:19 INFO  : Memory regions updated for context MicroBlaze #0
20:57:19 INFO  : Memory regions updated for context MicroBlaze #0
20:57:20 INFO  : Context for processor 'microblaze_0' is selected.
20:57:20 INFO  : 'con' command is executed.
20:57:20 INFO  : ----------------XSDB Script (After Launch)----------------
targets -set -nocase -filter {name =~ "*microblaze*#0" && bscan=="USER2" }
con
----------------End of Script----------------

20:57:20 INFO  : Launch script is exported to file 'E:\Vivado\TTCS\.sdk\launch_scripts\single_application_debug\systemdebugger_testspi_system_standalone.tcl'
20:59:45 INFO  : Disconnected from the channel tcfchan#3.
20:59:45 INFO  : Connected to target on host '127.0.0.1' and port '3121'.
20:59:46 INFO  : Jtag cable 'Digilent Arty 210319A2789EA' is selected.
20:59:46 INFO  : 'jtag frequency' command is executed.
20:59:46 INFO  : 'targets -set -filter {jtag_cable_name =~ "Digilent Arty 210319A2789EA" && level==0} -index 0' command is executed.
20:59:47 INFO  : FPGA configured successfully with bitstream "E:/Vivado/TTCS/TestSPI/_ide/bitstream/Test_wrapper.bit"
20:59:47 INFO  : 'configparams mdm-detect-bscan-mask 2' command is executed.
20:59:47 INFO  : Context for processor 'microblaze_0' is selected.
20:59:47 INFO  : System reset is completed.
20:59:50 INFO  : 'after 3000' command is executed.
20:59:50 INFO  : Context for processor 'microblaze_0' is selected.
20:59:50 INFO  : The application 'E:/Vivado/TTCS/TestSPI/Debug/TestSPI.elf' is downloaded to processor 'microblaze_0'.
20:59:50 INFO  : ----------------XSDB Script----------------
connect -url tcp:127.0.0.1:3121
targets -set -filter {jtag_cable_name =~ "Digilent Arty 210319A2789EA" && level==0} -index 0
fpga -file E:/Vivado/TTCS/TestSPI/_ide/bitstream/Test_wrapper.bit
configparams mdm-detect-bscan-mask 2
targets -set -nocase -filter {name =~ "*microblaze*#0" && bscan=="USER2" }
rst -system
after 3000
targets -set -nocase -filter {name =~ "*microblaze*#0" && bscan=="USER2" }
dow E:/Vivado/TTCS/TestSPI/Debug/TestSPI.elf
----------------End of Script----------------

20:59:50 INFO  : Memory regions updated for context MicroBlaze #0
20:59:50 INFO  : Memory regions updated for context MicroBlaze #0
20:59:51 INFO  : Context for processor 'microblaze_0' is selected.
20:59:52 INFO  : 'con' command is executed.
20:59:52 INFO  : ----------------XSDB Script (After Launch)----------------
targets -set -nocase -filter {name =~ "*microblaze*#0" && bscan=="USER2" }
con
----------------End of Script----------------

20:59:52 INFO  : Launch script is exported to file 'E:\Vivado\TTCS\.sdk\launch_scripts\single_application_debug\systemdebugger_testspi_system_standalone.tcl'
23:10:33 INFO  : Disconnected from the channel tcfchan#4.
23:10:33 INFO  : Connected to target on host '127.0.0.1' and port '3121'.
23:10:33 INFO  : Jtag cable 'Digilent Arty 210319A2789EA' is selected.
23:10:33 INFO  : 'jtag frequency' command is executed.
23:10:33 INFO  : 'targets -set -filter {jtag_cable_name =~ "Digilent Arty 210319A2789EA" && level==0} -index 0' command is executed.
23:10:35 INFO  : FPGA configured successfully with bitstream "E:/Vivado/TTCS/TestSPI/_ide/bitstream/Test_wrapper.bit"
23:10:35 INFO  : 'configparams mdm-detect-bscan-mask 2' command is executed.
23:10:35 INFO  : Context for processor 'microblaze_0' is selected.
23:10:35 INFO  : System reset is completed.
23:10:38 INFO  : 'after 3000' command is executed.
23:10:38 INFO  : Context for processor 'microblaze_0' is selected.
23:10:38 INFO  : The application 'E:/Vivado/TTCS/TestSPI/Debug/TestSPI.elf' is downloaded to processor 'microblaze_0'.
23:10:38 INFO  : ----------------XSDB Script----------------
connect -url tcp:127.0.0.1:3121
targets -set -filter {jtag_cable_name =~ "Digilent Arty 210319A2789EA" && level==0} -index 0
fpga -file E:/Vivado/TTCS/TestSPI/_ide/bitstream/Test_wrapper.bit
configparams mdm-detect-bscan-mask 2
targets -set -nocase -filter {name =~ "*microblaze*#0" && bscan=="USER2" }
rst -system
after 3000
targets -set -nocase -filter {name =~ "*microblaze*#0" && bscan=="USER2" }
dow E:/Vivado/TTCS/TestSPI/Debug/TestSPI.elf
----------------End of Script----------------

23:10:38 INFO  : Memory regions updated for context MicroBlaze #0
23:10:38 INFO  : Memory regions updated for context MicroBlaze #0
23:10:39 INFO  : Context for processor 'microblaze_0' is selected.
23:10:39 INFO  : 'con' command is executed.
23:10:39 INFO  : ----------------XSDB Script (After Launch)----------------
targets -set -nocase -filter {name =~ "*microblaze*#0" && bscan=="USER2" }
con
----------------End of Script----------------

23:10:39 INFO  : Launch script is exported to file 'E:\Vivado\TTCS\.sdk\launch_scripts\single_application_debug\systemdebugger_testspi_system_standalone.tcl'
23:18:25 INFO  : Checking for BSP changes to sync application flags for project 'TestSPI'...
23:18:50 INFO  : Disconnected from the channel tcfchan#5.
23:18:50 INFO  : Connected to target on host '127.0.0.1' and port '3121'.
23:18:50 INFO  : Jtag cable 'Digilent Arty 210319A2789EA' is selected.
23:18:50 INFO  : 'jtag frequency' command is executed.
23:18:50 INFO  : 'targets -set -filter {jtag_cable_name =~ "Digilent Arty 210319A2789EA" && level==0} -index 0' command is executed.
23:18:52 INFO  : FPGA configured successfully with bitstream "E:/Vivado/TTCS/TestSPI/_ide/bitstream/Test_wrapper.bit"
23:18:52 INFO  : 'configparams mdm-detect-bscan-mask 2' command is executed.
23:18:52 INFO  : Context for processor 'microblaze_0' is selected.
23:18:52 INFO  : System reset is completed.
23:18:55 INFO  : 'after 3000' command is executed.
23:18:55 INFO  : Context for processor 'microblaze_0' is selected.
23:18:55 INFO  : The application 'E:/Vivado/TTCS/TestSPI/Debug/TestSPI.elf' is downloaded to processor 'microblaze_0'.
23:18:55 INFO  : ----------------XSDB Script----------------
connect -url tcp:127.0.0.1:3121
targets -set -filter {jtag_cable_name =~ "Digilent Arty 210319A2789EA" && level==0} -index 0
fpga -file E:/Vivado/TTCS/TestSPI/_ide/bitstream/Test_wrapper.bit
configparams mdm-detect-bscan-mask 2
targets -set -nocase -filter {name =~ "*microblaze*#0" && bscan=="USER2" }
rst -system
after 3000
targets -set -nocase -filter {name =~ "*microblaze*#0" && bscan=="USER2" }
dow E:/Vivado/TTCS/TestSPI/Debug/TestSPI.elf
----------------End of Script----------------

23:18:55 INFO  : Memory regions updated for context MicroBlaze #0
23:18:55 INFO  : Memory regions updated for context MicroBlaze #0
23:18:55 INFO  : Context for processor 'microblaze_0' is selected.
23:18:55 INFO  : 'con' command is executed.
23:18:55 INFO  : ----------------XSDB Script (After Launch)----------------
targets -set -nocase -filter {name =~ "*microblaze*#0" && bscan=="USER2" }
con
----------------End of Script----------------

23:18:55 INFO  : Launch script is exported to file 'E:\Vivado\TTCS\.sdk\launch_scripts\single_application_debug\systemdebugger_testspi_system_standalone.tcl'
23:22:20 INFO  : Disconnected from the channel tcfchan#6.
10:05:28 INFO  : Launching XSCT server: xsct.bat -n  -interactive E:\Vivado\TTCS\temp_xsdb_launch_script.tcl
10:05:33 INFO  : Registering command handlers for Vitis TCF services
10:05:33 INFO  : XSCT server has started successfully.
10:05:33 INFO  : plnx-install-location is set to ''
